<?xml version="1.0" encoding="UTF-8"?>
<!-- Generated by org.testng.reporters.JUnitXMLReporter -->
<testsuite ignored="0" hostname="Vinits-Huddl-MacBook-Pro.local" failures="0" tests="9" name="Default test" time="0.059" errors="0" timestamp="2022-03-18T10:33:05 IST">
  <testcase classname="Day37.GroupingDemo" name="loginByEmail" time="0.007"/>
  <testcase classname="Day37.GroupingDemo" name="loginByfacebook" time="0.001"/>
  <testcase classname="Day37.GroupingDemo" name="loginBytwitter" time="0.001"/>
  <testcase classname="Day37.GroupingDemo" name="signupByEmail" time="0.001"/>
  <testcase classname="Day37.GroupingDemo" name="signupByfacebook" time="0.001"/>
  <testcase classname="Day37.GroupingDemo" name="signupBytwitter" time="0.001"/>
  <testcase classname="Day37.GroupingDemo" name="paymentInRupees" time="0.001"/>
  <testcase classname="Day37.GroupingDemo" name="paymentInDolars" time="0.0"/>
  <testcase classname="Day37.GroupingDemo" name="pamentReturnBank" time="0.001"/>
</testsuite> <!-- Default test -->
